This file contains any messages produced by compilers while
running configure, to aid debugging if configure makes a mistake.

It was created by ctypes.sh configure 1.1, which was
generated by GNU Autoconf 2.69.  Invocation command line was

  $ ./configure 

## --------- ##
## Platform. ##
## --------- ##

hostname = unit01
uname -m = x86_64
uname -r = 4.4.0-31-generic
uname -s = Linux
uname -v = #50-Ubuntu SMP Wed Jul 13 00:07:12 UTC 2016

/usr/bin/uname -p = unknown
/bin/uname -X     = unknown

/bin/arch              = unknown
/usr/bin/arch -k       = unknown
/usr/convex/getsysinfo = unknown
/usr/bin/hostinfo      = unknown
/bin/machine           = unknown
/usr/bin/oslevel       = unknown
/bin/universe          = unknown

PATH: /home/g/torch/install/bin
PATH: /home/g/torch/install/bin
PATH: /home/g/.sdkman/candidates/vertx/current/bin
PATH: /home/g/.sdkman/candidates/groovyserv/current/bin
PATH: /usr/local/sbin
PATH: /usr/local/bin
PATH: /usr/sbin
PATH: /usr/bin
PATH: /sbin
PATH: /bin
PATH: /usr/games
PATH: /usr/local/games
PATH: /snap/bin


## ----------- ##
## Core tests. ##
## ----------- ##

configure:2395: checking for a BSD-compatible install
configure:2463: result: /usr/bin/install -c
configure:2474: checking whether build environment is sane
configure:2529: result: yes
configure:2680: checking for a thread-safe mkdir -p
configure:2719: result: /bin/mkdir -p
configure:2726: checking for gawk
configure:2742: found /usr/bin/gawk
configure:2753: result: gawk
configure:2764: checking whether make sets $(MAKE)
configure:2786: result: yes
configure:2815: checking whether make supports nested variables
configure:2832: result: yes
configure:2945: checking build system type
configure:2959: result: x86_64-unknown-linux-gnu
configure:2979: checking host system type
configure:2992: result: x86_64-unknown-linux-gnu
configure:3033: checking how to print strings
configure:3060: result: printf
configure:3093: checking for style of include used by make
configure:3121: result: GNU
configure:3192: checking for gcc
configure:3208: found /usr/bin/gcc
configure:3219: result: gcc
configure:3448: checking for C compiler version
configure:3457: gcc --version >&5
gcc (Ubuntu 5.4.0-6ubuntu1~16.04.1) 5.4.0 20160609
Copyright (C) 2015 Free Software Foundation, Inc.
This is free software; see the source for copying conditions.  There is NO
warranty; not even for MERCHANTABILITY or FITNESS FOR A PARTICULAR PURPOSE.

configure:3468: $? = 0
configure:3457: gcc -v >&5
Using built-in specs.
COLLECT_GCC=gcc
COLLECT_LTO_WRAPPER=/usr/lib/gcc/x86_64-linux-gnu/5/lto-wrapper
Target: x86_64-linux-gnu
Configured with: ../src/configure -v --with-pkgversion='Ubuntu 5.4.0-6ubuntu1~16.04.1' --with-bugurl=file:///usr/share/doc/gcc-5/README.Bugs --enable-languages=c,ada,c++,java,go,d,fortran,objc,obj-c++ --prefix=/usr --program-suffix=-5 --enable-shared --enable-linker-build-id --libexecdir=/usr/lib --without-included-gettext --enable-threads=posix --libdir=/usr/lib --enable-nls --with-sysroot=/ --enable-clocale=gnu --enable-libstdcxx-debug --enable-libstdcxx-time=yes --with-default-libstdcxx-abi=new --enable-gnu-unique-object --disable-vtable-verify --enable-libmpx --enable-plugin --with-system-zlib --disable-browser-plugin --enable-java-awt=gtk --enable-gtk-cairo --with-java-home=/usr/lib/jvm/java-1.5.0-gcj-5-amd64/jre --enable-java-home --with-jvm-root-dir=/usr/lib/jvm/java-1.5.0-gcj-5-amd64 --with-jvm-jar-dir=/usr/lib/jvm-exports/java-1.5.0-gcj-5-amd64 --with-arch-directory=amd64 --with-ecj-jar=/usr/share/java/eclipse-ecj.jar --enable-objc-gc --enable-multiarch --disable-werror --with-arch-32=i686 --with-abi=m64 --with-multilib-list=m32,m64,mx32 --enable-multilib --with-tune=generic --enable-checking=release --build=x86_64-linux-gnu --host=x86_64-linux-gnu --target=x86_64-linux-gnu
Thread model: posix
gcc version 5.4.0 20160609 (Ubuntu 5.4.0-6ubuntu1~16.04.1) 
configure:3468: $? = 0
configure:3457: gcc -V >&5
gcc: error: unrecognized command line option '-V'
gcc: fatal error: no input files
compilation terminated.
configure:3468: $? = 1
configure:3457: gcc -qversion >&5
gcc: error: unrecognized command line option '-qversion'
gcc: fatal error: no input files
compilation terminated.
configure:3468: $? = 1
configure:3488: checking whether the C compiler works
configure:3510: gcc    conftest.c  >&5
configure:3514: $? = 0
configure:3562: result: yes
configure:3565: checking for C compiler default output file name
configure:3567: result: a.out
configure:3573: checking for suffix of executables
configure:3580: gcc -o conftest    conftest.c  >&5
configure:3584: $? = 0
configure:3606: result: 
configure:3628: checking whether we are cross compiling
configure:3636: gcc -o conftest    conftest.c  >&5
configure:3640: $? = 0
configure:3647: ./conftest
configure:3651: $? = 0
configure:3666: result: no
configure:3671: checking for suffix of object files
configure:3693: gcc -c   conftest.c >&5
configure:3697: $? = 0
configure:3718: result: o
configure:3722: checking whether we are using the GNU C compiler
configure:3741: gcc -c   conftest.c >&5
configure:3741: $? = 0
configure:3750: result: yes
configure:3759: checking whether gcc accepts -g
configure:3779: gcc -c -g  conftest.c >&5
configure:3779: $? = 0
configure:3820: result: yes
configure:3837: checking for gcc option to accept ISO C89
configure:3900: gcc  -c -g -O2  conftest.c >&5
configure:3900: $? = 0
configure:3913: result: none needed
configure:3935: checking dependency style of gcc
configure:4046: result: gcc3
configure:4061: checking for a sed that does not truncate output
configure:4125: result: /bin/sed
configure:4143: checking for grep that handles long lines and -e
configure:4201: result: /bin/grep
configure:4206: checking for egrep
configure:4268: result: /bin/grep -E
configure:4273: checking for fgrep
configure:4335: result: /bin/grep -F
configure:4370: checking for ld used by gcc
configure:4437: result: /usr/bin/ld
configure:4444: checking if the linker (/usr/bin/ld) is GNU ld
configure:4459: result: yes
configure:4471: checking for BSD- or MS-compatible name lister (nm)
configure:4520: result: /usr/bin/nm -B
configure:4650: checking the name lister (/usr/bin/nm -B) interface
configure:4657: gcc -c -g -O2  conftest.c >&5
configure:4660: /usr/bin/nm -B "conftest.o"
configure:4663: output
0000000000000000 B some_variable
configure:4670: result: BSD nm
configure:4673: checking whether ln -s works
configure:4677: result: yes
configure:4685: checking the maximum length of command line arguments
configure:4815: result: 1572864
configure:4832: checking whether the shell understands some XSI constructs
configure:4842: result: yes
configure:4846: checking whether the shell understands "+="
configure:4852: result: yes
configure:4887: checking how to convert x86_64-unknown-linux-gnu file names to x86_64-unknown-linux-gnu format
configure:4927: result: func_convert_file_noop
configure:4934: checking how to convert x86_64-unknown-linux-gnu file names to toolchain format
configure:4954: result: func_convert_file_noop
configure:4961: checking for /usr/bin/ld option to reload object files
configure:4968: result: -r
configure:5042: checking for objdump
configure:5058: found /usr/bin/objdump
configure:5069: result: objdump
configure:5101: checking how to recognize dependent libraries
configure:5303: result: pass_all
configure:5388: checking for dlltool
configure:5418: result: no
configure:5448: checking how to associate runtime and link libraries
configure:5475: result: printf %s\n
configure:5536: checking for ar
configure:5552: found /usr/bin/ar
configure:5563: result: ar
configure:5600: checking for archiver @FILE support
configure:5617: gcc -c -g -O2  conftest.c >&5
configure:5617: $? = 0
configure:5620: ar cru libconftest.a @conftest.lst >&5
ar: `u' modifier ignored since `D' is the default (see `U')
configure:5623: $? = 0
configure:5628: ar cru libconftest.a @conftest.lst >&5
ar: `u' modifier ignored since `D' is the default (see `U')
ar: conftest.o: No such file or directory
configure:5631: $? = 1
configure:5643: result: @
configure:5701: checking for strip
configure:5717: found /usr/bin/strip
configure:5728: result: strip
configure:5800: checking for ranlib
configure:5816: found /usr/bin/ranlib
configure:5827: result: ranlib
configure:5929: checking command to parse /usr/bin/nm -B output from gcc object
configure:6049: gcc -c -g -O2  conftest.c >&5
configure:6052: $? = 0
configure:6056: /usr/bin/nm -B conftest.o \| sed -n -e 's/^.*[ ]\([ABCDGIRSTW][ABCDGIRSTW]*\)[ ][ ]*\([_A-Za-z][_A-Za-z0-9]*\)$/\1 \2 \2/p' | sed '/ __gnu_lto/d' \> conftest.nm
configure:6059: $? = 0
configure:6125: gcc -o conftest -g -O2   conftest.c conftstm.o >&5
configure:6128: $? = 0
configure:6166: result: ok
configure:6203: checking for sysroot
configure:6233: result: no
configure:6310: gcc -c -g -O2  conftest.c >&5
configure:6313: $? = 0
configure:6489: checking for mt
configure:6505: found /bin/mt
configure:6516: result: mt
configure:6539: checking if mt is a manifest tool
configure:6545: mt '-?'
configure:6553: result: no
configure:7195: checking how to run the C preprocessor
configure:7226: gcc -E  conftest.c
configure:7226: $? = 0
configure:7240: gcc -E  conftest.c
conftest.c:11:28: fatal error: ac_nonexistent.h: No such file or directory
compilation terminated.
configure:7240: $? = 1
configure: failed program was:
| /* confdefs.h */
| #define PACKAGE_NAME "ctypes.sh"
| #define PACKAGE_TARNAME "ctypes-sh"
| #define PACKAGE_VERSION "1.1"
| #define PACKAGE_STRING "ctypes.sh 1.1"
| #define PACKAGE_BUGREPORT "ctypesdotsh@googlegroups.com"
| #define PACKAGE_URL ""
| #define PACKAGE "ctypes-sh"
| #define VERSION "1.1"
| /* end confdefs.h.  */
| #include <ac_nonexistent.h>
configure:7265: result: gcc -E
configure:7285: gcc -E  conftest.c
configure:7285: $? = 0
configure:7299: gcc -E  conftest.c
conftest.c:11:28: fatal error: ac_nonexistent.h: No such file or directory
compilation terminated.
configure:7299: $? = 1
configure: failed program was:
| /* confdefs.h */
| #define PACKAGE_NAME "ctypes.sh"
| #define PACKAGE_TARNAME "ctypes-sh"
| #define PACKAGE_VERSION "1.1"
| #define PACKAGE_STRING "ctypes.sh 1.1"
| #define PACKAGE_BUGREPORT "ctypesdotsh@googlegroups.com"
| #define PACKAGE_URL ""
| #define PACKAGE "ctypes-sh"
| #define VERSION "1.1"
| /* end confdefs.h.  */
| #include <ac_nonexistent.h>
configure:7328: checking for ANSI C header files
configure:7348: gcc -c -g -O2  conftest.c >&5
configure:7348: $? = 0
configure:7421: gcc -o conftest -g -O2   conftest.c  >&5
configure:7421: $? = 0
configure:7421: ./conftest
configure:7421: $? = 0
configure:7432: result: yes
configure:7445: checking for sys/types.h
configure:7445: gcc -c -g -O2  conftest.c >&5
configure:7445: $? = 0
configure:7445: result: yes
configure:7445: checking for sys/stat.h
configure:7445: gcc -c -g -O2  conftest.c >&5
configure:7445: $? = 0
configure:7445: result: yes
configure:7445: checking for stdlib.h
configure:7445: gcc -c -g -O2  conftest.c >&5
configure:7445: $? = 0
configure:7445: result: yes
configure:7445: checking for string.h
configure:7445: gcc -c -g -O2  conftest.c >&5
configure:7445: $? = 0
configure:7445: result: yes
configure:7445: checking for memory.h
configure:7445: gcc -c -g -O2  conftest.c >&5
configure:7445: $? = 0
configure:7445: result: yes
configure:7445: checking for strings.h
configure:7445: gcc -c -g -O2  conftest.c >&5
configure:7445: $? = 0
configure:7445: result: yes
configure:7445: checking for inttypes.h
configure:7445: gcc -c -g -O2  conftest.c >&5
configure:7445: $? = 0
configure:7445: result: yes
configure:7445: checking for stdint.h
configure:7445: gcc -c -g -O2  conftest.c >&5
configure:7445: $? = 0
configure:7445: result: yes
configure:7445: checking for unistd.h
configure:7445: gcc -c -g -O2  conftest.c >&5
configure:7445: $? = 0
configure:7445: result: yes
configure:7459: checking for dlfcn.h
configure:7459: gcc -c -g -O2  conftest.c >&5
configure:7459: $? = 0
configure:7459: result: yes
configure:7664: checking for objdir
configure:7679: result: .libs
configure:7950: checking if gcc supports -fno-rtti -fno-exceptions
configure:7968: gcc -c -g -O2  -fno-rtti -fno-exceptions conftest.c >&5
cc1: warning: command line option '-fno-rtti' is valid for C++/ObjC++ but not for C
configure:7972: $? = 0
configure:7985: result: no
configure:8312: checking for gcc option to produce PIC
configure:8319: result: -fPIC -DPIC
configure:8327: checking if gcc PIC flag -fPIC -DPIC works
configure:8345: gcc -c -g -O2  -fPIC -DPIC -DPIC conftest.c >&5
configure:8349: $? = 0
configure:8362: result: yes
configure:8391: checking if gcc static flag -static works
configure:8419: result: yes
configure:8434: checking if gcc supports -c -o file.o
configure:8455: gcc -c -g -O2  -o out/conftest2.o conftest.c >&5
configure:8459: $? = 0
configure:8481: result: yes
configure:8489: checking if gcc supports -c -o file.o
configure:8536: result: yes
configure:8569: checking whether the gcc linker (/usr/bin/ld -m elf_x86_64) supports shared libraries
configure:9722: result: yes
configure:9759: checking whether -lc should be explicitly linked in
configure:9767: gcc -c -g -O2  conftest.c >&5
configure:9770: $? = 0
configure:9785: gcc -shared  -fPIC -DPIC conftest.o  -v -Wl,-soname -Wl,conftest -o conftest 2\>\&1 \| /bin/grep  -lc  \>/dev/null 2\>\&1
configure:9788: $? = 0
configure:9802: result: no
configure:9962: checking dynamic linker characteristics
configure:10473: gcc -o conftest -g -O2   -Wl,-rpath -Wl,/foo conftest.c  >&5
configure:10473: $? = 0
configure:10699: result: GNU/Linux ld.so
configure:10806: checking how to hardcode library paths into programs
configure:10831: result: immediate
configure:11371: checking whether stripping libraries is possible
configure:11376: result: yes
configure:11411: checking if libtool supports shared libraries
configure:11413: result: yes
configure:11416: checking whether to build shared libraries
configure:11437: result: yes
configure:11440: checking whether to build static libraries
configure:11444: result: no
configure:11481: checking for library containing dlopen
configure:11512: gcc -o conftest -g -O2   conftest.c  >&5
/tmp/ccU3Qqu0.o: In function `main':
/home/g/code/lash/project/lib/ext/ctypes.sh/conftest.c:34: undefined reference to `dlopen'
collect2: error: ld returned 1 exit status
configure:11512: $? = 1
configure: failed program was:
| /* confdefs.h */
| #define PACKAGE_NAME "ctypes.sh"
| #define PACKAGE_TARNAME "ctypes-sh"
| #define PACKAGE_VERSION "1.1"
| #define PACKAGE_STRING "ctypes.sh 1.1"
| #define PACKAGE_BUGREPORT "ctypesdotsh@googlegroups.com"
| #define PACKAGE_URL ""
| #define PACKAGE "ctypes-sh"
| #define VERSION "1.1"
| #define STDC_HEADERS 1
| #define HAVE_SYS_TYPES_H 1
| #define HAVE_SYS_STAT_H 1
| #define HAVE_STDLIB_H 1
| #define HAVE_STRING_H 1
| #define HAVE_MEMORY_H 1
| #define HAVE_STRINGS_H 1
| #define HAVE_INTTYPES_H 1
| #define HAVE_STDINT_H 1
| #define HAVE_UNISTD_H 1
| #define HAVE_DLFCN_H 1
| #define LT_OBJDIR ".libs/"
| /* end confdefs.h.  */
| 
| /* Override any GCC internal prototype to avoid an error.
|    Use char because int might match the return type of a GCC
|    builtin and then its argument prototype would still apply.  */
| #ifdef __cplusplus
| extern "C"
| #endif
| char dlopen ();
| int
| main ()
| {
| return dlopen ();
|   ;
|   return 0;
| }
configure:11512: gcc -o conftest -g -O2   conftest.c -ldl   >&5
configure:11512: $? = 0
configure:11529: result: -ldl
configure:11537: checking for gelf_getehdr in -lelf
configure:11562: gcc -o conftest -g -O2   conftest.c -lelf  -ldl  >&5
configure:11562: $? = 0
configure:11571: result: yes
configure:11588: checking for dwfl_version in -ldw
configure:11613: gcc -o conftest -g -O2   conftest.c -ldw  -lelf -ldl  >&5
configure:11613: $? = 0
configure:11622: result: yes
configure:11695: checking for pkg-config
configure:11713: found /usr/bin/pkg-config
configure:11725: result: /usr/bin/pkg-config
configure:11750: checking pkg-config is at least version 0.9.0
configure:11753: result: yes
configure:11763: checking for FFI
configure:11770: $PKG_CONFIG --exists --print-errors "libffi >= 3"
configure:11773: $? = 0
configure:11787: $PKG_CONFIG --exists --print-errors "libffi >= 3"
configure:11790: $? = 0
configure:11848: result: yes
configure:11854: checking for ZLIB
configure:11861: $PKG_CONFIG --exists --print-errors "zlib"
configure:11864: $? = 0
configure:11878: $PKG_CONFIG --exists --print-errors "zlib"
configure:11881: $? = 0
configure:11939: result: yes
configure:11946: checking for dlfcn.h
configure:11946: result: yes
configure:11946: checking fcntl.h usability
configure:11946: gcc -c -g -O2  conftest.c >&5
configure:11946: $? = 0
configure:11946: result: yes
configure:11946: checking fcntl.h presence
configure:11946: gcc -E  conftest.c
configure:11946: $? = 0
configure:11946: result: yes
configure:11946: checking for fcntl.h
configure:11946: result: yes
configure:11946: checking for inttypes.h
configure:11946: result: yes
configure:11946: checking limits.h usability
configure:11946: gcc -c -g -O2  conftest.c >&5
configure:11946: $? = 0
configure:11946: result: yes
configure:11946: checking limits.h presence
configure:11946: gcc -E  conftest.c
configure:11946: $? = 0
configure:11946: result: yes
configure:11946: checking for limits.h
configure:11946: result: yes
configure:11946: checking for memory.h
configure:11946: result: yes
configure:11946: checking for stdint.h
configure:11946: result: yes
configure:11946: checking for stdlib.h
configure:11946: result: yes
configure:11946: checking for string.h
configure:11946: result: yes
configure:11946: checking for strings.h
configure:11946: result: yes
configure:11946: checking sys/param.h usability
configure:11946: gcc -c -g -O2  conftest.c >&5
configure:11946: $? = 0
configure:11946: result: yes
configure:11946: checking sys/param.h presence
configure:11946: gcc -E  conftest.c
configure:11946: $? = 0
configure:11946: result: yes
configure:11946: checking for sys/param.h
configure:11946: result: yes
configure:11946: checking sys/time.h usability
configure:11946: gcc -c -g -O2  conftest.c >&5
configure:11946: $? = 0
configure:11946: result: yes
configure:11946: checking sys/time.h presence
configure:11946: gcc -E  conftest.c
configure:11946: $? = 0
configure:11946: result: yes
configure:11946: checking for sys/time.h
configure:11946: result: yes
configure:11946: checking for unistd.h
configure:11946: result: yes
configure:11963: checking dwarf.h usability
configure:11963: gcc -c -g -O2  conftest.c >&5
configure:11963: $? = 0
configure:11963: result: yes
configure:11963: checking dwarf.h presence
configure:11963: gcc -E  conftest.c
configure:11963: $? = 0
configure:11963: result: yes
configure:11963: checking for dwarf.h
configure:11963: result: yes
configure:11963: checking libelf.h usability
configure:11963: gcc -c -g -O2  conftest.c >&5
configure:11963: $? = 0
configure:11963: result: yes
configure:11963: checking libelf.h presence
configure:11963: gcc -E  conftest.c
configure:11963: $? = 0
configure:11963: result: yes
configure:11963: checking for libelf.h
configure:11963: result: yes
configure:11963: checking link.h usability
configure:11963: gcc -c -g -O2  conftest.c >&5
configure:11963: $? = 0
configure:11963: result: yes
configure:11963: checking link.h presence
configure:11963: gcc -E  conftest.c
configure:11963: $? = 0
configure:11963: result: yes
configure:11963: checking for link.h
configure:11963: result: yes
configure:11963: checking elfutils/libdwfl.h usability
configure:11963: gcc -c -g -O2  conftest.c >&5
configure:11963: $? = 0
configure:11963: result: yes
configure:11963: checking elfutils/libdwfl.h presence
configure:11963: gcc -E  conftest.c
configure:11963: $? = 0
configure:11963: result: yes
configure:11963: checking for elfutils/libdwfl.h
configure:11963: result: yes
configure:11982: checking for strchr
configure:11982: gcc -o conftest -g -O2   conftest.c -ldw -lelf -ldl  >&5
conftest.c:64:6: warning: conflicting types for built-in function 'strchr'
 char strchr ();
      ^
configure:11982: $? = 0
configure:11982: result: yes
configure:11982: checking for strdup
configure:11982: gcc -o conftest -g -O2   conftest.c -ldw -lelf -ldl  >&5
conftest.c:65:6: warning: conflicting types for built-in function 'strdup'
 char strdup ();
      ^
configure:11982: $? = 0
configure:11982: result: yes
configure:11982: checking for strrchr
configure:11982: gcc -o conftest -g -O2   conftest.c -ldw -lelf -ldl  >&5
conftest.c:66:6: warning: conflicting types for built-in function 'strrchr'
 char strrchr ();
      ^
configure:11982: $? = 0
configure:11982: result: yes
configure:11982: checking for strtol
configure:11982: gcc -o conftest -g -O2   conftest.c -ldw -lelf -ldl  >&5
configure:11982: $? = 0
configure:11982: result: yes
configure:11982: checking for strtoul
configure:11982: gcc -o conftest -g -O2   conftest.c -ldw -lelf -ldl  >&5
configure:11982: $? = 0
configure:11982: result: yes
configure:11982: checking for malloc
configure:11982: gcc -o conftest -g -O2   conftest.c -ldw -lelf -ldl  >&5
conftest.c:69:6: warning: conflicting types for built-in function 'malloc'
 char malloc ();
      ^
configure:11982: $? = 0
configure:11982: result: yes
configure:11982: checking for realloc
configure:11982: gcc -o conftest -g -O2   conftest.c -ldw -lelf -ldl  >&5
conftest.c:70:6: warning: conflicting types for built-in function 'realloc'
 char realloc ();
      ^
configure:11982: $? = 0
configure:11982: result: yes
configure:11982: checking for strtod
configure:11982: gcc -o conftest -g -O2   conftest.c -ldw -lelf -ldl  >&5
configure:11982: $? = 0
configure:11982: result: yes
configure:11998: checking for gelf_getehdr
configure:11998: gcc -o conftest -g -O2   conftest.c -ldw -lelf -ldl  >&5
configure:11998: $? = 0
configure:11998: result: yes
configure:11998: checking for dwfl_version
configure:11998: gcc -o conftest -g -O2   conftest.c -ldw -lelf -ldl  >&5
configure:11998: $? = 0
configure:11998: result: yes
configure:11998: checking for dl_iterate_phdr
configure:11998: gcc -o conftest -g -O2   conftest.c -ldw -lelf -ldl  >&5
configure:11998: $? = 0
configure:11998: result: yes
configure:12013: checking for stdbool.h that conforms to C99
configure:12080: gcc -c -g -O2  conftest.c >&5
configure:12080: $? = 0
configure:12087: result: yes
configure:12089: checking for _Bool
configure:12089: gcc -c -g -O2  conftest.c >&5
configure:12089: $? = 0
configure:12089: gcc -c -g -O2  conftest.c >&5
conftest.c: In function 'main':
conftest.c:88:20: error: expected expression before ')' token
 if (sizeof ((_Bool)))
                    ^
configure:12089: $? = 1
configure: failed program was:
| /* confdefs.h */
| #define PACKAGE_NAME "ctypes.sh"
| #define PACKAGE_TARNAME "ctypes-sh"
| #define PACKAGE_VERSION "1.1"
| #define PACKAGE_STRING "ctypes.sh 1.1"
| #define PACKAGE_BUGREPORT "ctypesdotsh@googlegroups.com"
| #define PACKAGE_URL ""
| #define PACKAGE "ctypes-sh"
| #define VERSION "1.1"
| #define STDC_HEADERS 1
| #define HAVE_SYS_TYPES_H 1
| #define HAVE_SYS_STAT_H 1
| #define HAVE_STDLIB_H 1
| #define HAVE_STRING_H 1
| #define HAVE_MEMORY_H 1
| #define HAVE_STRINGS_H 1
| #define HAVE_INTTYPES_H 1
| #define HAVE_STDINT_H 1
| #define HAVE_UNISTD_H 1
| #define HAVE_DLFCN_H 1
| #define LT_OBJDIR ".libs/"
| #define HAVE_LIBELF 1
| #define HAVE_LIBDW 1
| #define HAVE_DLFCN_H 1
| #define HAVE_FCNTL_H 1
| #define HAVE_INTTYPES_H 1
| #define HAVE_LIMITS_H 1
| #define HAVE_MEMORY_H 1
| #define HAVE_STDINT_H 1
| #define HAVE_STDLIB_H 1
| #define HAVE_STRING_H 1
| #define HAVE_STRINGS_H 1
| #define HAVE_SYS_PARAM_H 1
| #define HAVE_SYS_TIME_H 1
| #define HAVE_UNISTD_H 1
| #define HAVE_DWARF_H 1
| #define HAVE_LIBELF_H 1
| #define HAVE_LINK_H 1
| #define HAVE_ELFUTILS_LIBDWFL_H 1
| #define HAVE_STRCHR 1
| #define HAVE_STRDUP 1
| #define HAVE_STRRCHR 1
| #define HAVE_STRTOL 1
| #define HAVE_STRTOUL 1
| #define HAVE_MALLOC 1
| #define HAVE_REALLOC 1
| #define HAVE_STRTOD 1
| #define HAVE_GELF_GETEHDR 1
| #define HAVE_DWFL_VERSION 1
| #define HAVE_DL_ITERATE_PHDR 1
| /* end confdefs.h.  */
| #include <stdio.h>
| #ifdef HAVE_SYS_TYPES_H
| # include <sys/types.h>
| #endif
| #ifdef HAVE_SYS_STAT_H
| # include <sys/stat.h>
| #endif
| #ifdef STDC_HEADERS
| # include <stdlib.h>
| # include <stddef.h>
| #else
| # ifdef HAVE_STDLIB_H
| #  include <stdlib.h>
| # endif
| #endif
| #ifdef HAVE_STRING_H
| # if !defined STDC_HEADERS && defined HAVE_MEMORY_H
| #  include <memory.h>
| # endif
| # include <string.h>
| #endif
| #ifdef HAVE_STRINGS_H
| # include <strings.h>
| #endif
| #ifdef HAVE_INTTYPES_H
| # include <inttypes.h>
| #endif
| #ifdef HAVE_STDINT_H
| # include <stdint.h>
| #endif
| #ifdef HAVE_UNISTD_H
| # include <unistd.h>
| #endif
| int
| main ()
| {
| if (sizeof ((_Bool)))
| 	    return 0;
|   ;
|   return 0;
| }
configure:12089: result: yes
configure:12148: checking for gcc
configure:12175: result: gcc
configure:12404: checking for C compiler version
configure:12413: gcc --version >&5
gcc (Ubuntu 5.4.0-6ubuntu1~16.04.1) 5.4.0 20160609
Copyright (C) 2015 Free Software Foundation, Inc.
This is free software; see the source for copying conditions.  There is NO
warranty; not even for MERCHANTABILITY or FITNESS FOR A PARTICULAR PURPOSE.

configure:12424: $? = 0
configure:12413: gcc -v >&5
Using built-in specs.
COLLECT_GCC=gcc
COLLECT_LTO_WRAPPER=/usr/lib/gcc/x86_64-linux-gnu/5/lto-wrapper
Target: x86_64-linux-gnu
Configured with: ../src/configure -v --with-pkgversion='Ubuntu 5.4.0-6ubuntu1~16.04.1' --with-bugurl=file:///usr/share/doc/gcc-5/README.Bugs --enable-languages=c,ada,c++,java,go,d,fortran,objc,obj-c++ --prefix=/usr --program-suffix=-5 --enable-shared --enable-linker-build-id --libexecdir=/usr/lib --without-included-gettext --enable-threads=posix --libdir=/usr/lib --enable-nls --with-sysroot=/ --enable-clocale=gnu --enable-libstdcxx-debug --enable-libstdcxx-time=yes --with-default-libstdcxx-abi=new --enable-gnu-unique-object --disable-vtable-verify --enable-libmpx --enable-plugin --with-system-zlib --disable-browser-plugin --enable-java-awt=gtk --enable-gtk-cairo --with-java-home=/usr/lib/jvm/java-1.5.0-gcj-5-amd64/jre --enable-java-home --with-jvm-root-dir=/usr/lib/jvm/java-1.5.0-gcj-5-amd64 --with-jvm-jar-dir=/usr/lib/jvm-exports/java-1.5.0-gcj-5-amd64 --with-arch-directory=amd64 --with-ecj-jar=/usr/share/java/eclipse-ecj.jar --enable-objc-gc --enable-multiarch --disable-werror --with-arch-32=i686 --with-abi=m64 --with-multilib-list=m32,m64,mx32 --enable-multilib --with-tune=generic --enable-checking=release --build=x86_64-linux-gnu --host=x86_64-linux-gnu --target=x86_64-linux-gnu
Thread model: posix
gcc version 5.4.0 20160609 (Ubuntu 5.4.0-6ubuntu1~16.04.1) 
configure:12424: $? = 0
configure:12413: gcc -V >&5
gcc: error: unrecognized command line option '-V'
gcc: fatal error: no input files
compilation terminated.
configure:12424: $? = 1
configure:12413: gcc -qversion >&5
gcc: error: unrecognized command line option '-qversion'
gcc: fatal error: no input files
compilation terminated.
configure:12424: $? = 1
configure:12428: checking whether we are using the GNU C compiler
configure:12456: result: yes
configure:12465: checking whether gcc accepts -g
configure:12526: result: yes
configure:12543: checking for gcc option to accept ISO C89
configure:12619: result: none needed
configure:12641: checking dependency style of gcc
configure:12752: result: gcc3
configure:12767: checking for size_t
configure:12767: gcc -c -g -O2  conftest.c >&5
configure:12767: $? = 0
configure:12767: gcc -c -g -O2  conftest.c >&5
conftest.c: In function 'main':
conftest.c:89:21: error: expected expression before ')' token
 if (sizeof ((size_t)))
                     ^
configure:12767: $? = 1
configure: failed program was:
| /* confdefs.h */
| #define PACKAGE_NAME "ctypes.sh"
| #define PACKAGE_TARNAME "ctypes-sh"
| #define PACKAGE_VERSION "1.1"
| #define PACKAGE_STRING "ctypes.sh 1.1"
| #define PACKAGE_BUGREPORT "ctypesdotsh@googlegroups.com"
| #define PACKAGE_URL ""
| #define PACKAGE "ctypes-sh"
| #define VERSION "1.1"
| #define STDC_HEADERS 1
| #define HAVE_SYS_TYPES_H 1
| #define HAVE_SYS_STAT_H 1
| #define HAVE_STDLIB_H 1
| #define HAVE_STRING_H 1
| #define HAVE_MEMORY_H 1
| #define HAVE_STRINGS_H 1
| #define HAVE_INTTYPES_H 1
| #define HAVE_STDINT_H 1
| #define HAVE_UNISTD_H 1
| #define HAVE_DLFCN_H 1
| #define LT_OBJDIR ".libs/"
| #define HAVE_LIBELF 1
| #define HAVE_LIBDW 1
| #define HAVE_DLFCN_H 1
| #define HAVE_FCNTL_H 1
| #define HAVE_INTTYPES_H 1
| #define HAVE_LIMITS_H 1
| #define HAVE_MEMORY_H 1
| #define HAVE_STDINT_H 1
| #define HAVE_STDLIB_H 1
| #define HAVE_STRING_H 1
| #define HAVE_STRINGS_H 1
| #define HAVE_SYS_PARAM_H 1
| #define HAVE_SYS_TIME_H 1
| #define HAVE_UNISTD_H 1
| #define HAVE_DWARF_H 1
| #define HAVE_LIBELF_H 1
| #define HAVE_LINK_H 1
| #define HAVE_ELFUTILS_LIBDWFL_H 1
| #define HAVE_STRCHR 1
| #define HAVE_STRDUP 1
| #define HAVE_STRRCHR 1
| #define HAVE_STRTOL 1
| #define HAVE_STRTOUL 1
| #define HAVE_MALLOC 1
| #define HAVE_REALLOC 1
| #define HAVE_STRTOD 1
| #define HAVE_GELF_GETEHDR 1
| #define HAVE_DWFL_VERSION 1
| #define HAVE_DL_ITERATE_PHDR 1
| #define HAVE__BOOL 1
| /* end confdefs.h.  */
| #include <stdio.h>
| #ifdef HAVE_SYS_TYPES_H
| # include <sys/types.h>
| #endif
| #ifdef HAVE_SYS_STAT_H
| # include <sys/stat.h>
| #endif
| #ifdef STDC_HEADERS
| # include <stdlib.h>
| # include <stddef.h>
| #else
| # ifdef HAVE_STDLIB_H
| #  include <stdlib.h>
| # endif
| #endif
| #ifdef HAVE_STRING_H
| # if !defined STDC_HEADERS && defined HAVE_MEMORY_H
| #  include <memory.h>
| # endif
| # include <string.h>
| #endif
| #ifdef HAVE_STRINGS_H
| # include <strings.h>
| #endif
| #ifdef HAVE_INTTYPES_H
| # include <inttypes.h>
| #endif
| #ifdef HAVE_STDINT_H
| # include <stdint.h>
| #endif
| #ifdef HAVE_UNISTD_H
| # include <unistd.h>
| #endif
| int
| main ()
| {
| if (sizeof ((size_t)))
| 	    return 0;
|   ;
|   return 0;
| }
configure:12767: result: yes
configure:12780: checking for working alloca.h
configure:12797: gcc -o conftest -g -O2   conftest.c -ldw -lelf -ldl  >&5
configure:12797: $? = 0
configure:12805: result: yes
configure:12813: checking for alloca
configure:12850: gcc -o conftest -g -O2   conftest.c -ldw -lelf -ldl  >&5
configure:12850: $? = 0
configure:12858: result: yes
configure:13019: checking for the default library search path
configure:13026: result: /lib64 /usr/lib64 /lib /usr/lib /usr/lib/x86_64-linux-gnu/libfakeroot /usr/local/lib /lib/x86_64-linux-gnu /usr/lib/x86_64-linux-gnu /usr/lib/nvidia-361 /usr/lib32/nvidia-361 /usr/lib/nvidia-361 /usr/lib32/nvidia-361 /lib32 /usr/lib32 
configure:13044: checking which extension is used for runtime loadable modules
configure:13056: result: .so
configure:13083: checking for bash
configure:13101: found /bin/bash
configure:13113: result: /bin/bash
configure:13123: checking for struct builtin.name
configure:13123: gcc -c -g -O2  -I./include conftest.c >&5
configure:13123: $? = 0
configure:13123: result: yes
configure:13147: checking whether a minimal bash plugin compiles
configure:13172: gcc -o conftest -g -O2  -I./include  -shared -fPIC conftest.c -ldw -lelf -ldl  >&5
configure:13172: $? = 0
configure:13174: result: yes
configure:13176: checking loading simple plugin
configure:13179: result: yes
configure:13206: checking whether bash symbols are exported
configure:13233: gcc -o conftest -g -O2  -I./include  -shared -fPIC conftest.c -ldw -lelf -ldl  >&5
configure:13233: $? = 0
configure:13235: result: yes
configure:13237: checking loading plugin with external references
configure:13240: result: yes
configure:13397: checking that generated files are newer than configure
configure:13403: result: done
configure:13434: creating ./config.status

## ---------------------- ##
## Running config.status. ##
## ---------------------- ##

This file was extended by ctypes.sh config.status 1.1, which was
generated by GNU Autoconf 2.69.  Invocation command line was

  CONFIG_FILES    = 
  CONFIG_HEADERS  = 
  CONFIG_LINKS    = 
  CONFIG_COMMANDS = 
  $ ./config.status 

on unit01

config.status:1131: creating Makefile
config.status:1131: creating src/Makefile
config.status:1131: creating ctypes.sh
config.status:1131: creating config.h
config.status:1360: executing depfiles commands
config.status:1360: executing libtool commands

## ---------------- ##
## Cache variables. ##
## ---------------- ##

ac_cv_build=x86_64-unknown-linux-gnu
ac_cv_c_compiler_gnu=yes
ac_cv_env_CC_set=
ac_cv_env_CC_value=
ac_cv_env_CFLAGS_set=
ac_cv_env_CFLAGS_value=
ac_cv_env_CPPFLAGS_set=
ac_cv_env_CPPFLAGS_value=
ac_cv_env_CPP_set=
ac_cv_env_CPP_value=
ac_cv_env_FFI_CFLAGS_set=
ac_cv_env_FFI_CFLAGS_value=
ac_cv_env_FFI_LIBS_set=
ac_cv_env_FFI_LIBS_value=
ac_cv_env_LDFLAGS_set=
ac_cv_env_LDFLAGS_value=
ac_cv_env_LIBS_set=
ac_cv_env_LIBS_value=
ac_cv_env_PKG_CONFIG_LIBDIR_set=
ac_cv_env_PKG_CONFIG_LIBDIR_value=
ac_cv_env_PKG_CONFIG_PATH_set=
ac_cv_env_PKG_CONFIG_PATH_value=
ac_cv_env_PKG_CONFIG_set=
ac_cv_env_PKG_CONFIG_value=
ac_cv_env_ZLIB_CFLAGS_set=
ac_cv_env_ZLIB_CFLAGS_value=
ac_cv_env_ZLIB_LIBS_set=
ac_cv_env_ZLIB_LIBS_value=
ac_cv_env_build_alias_set=
ac_cv_env_build_alias_value=
ac_cv_env_host_alias_set=
ac_cv_env_host_alias_value=
ac_cv_env_target_alias_set=
ac_cv_env_target_alias_value=
ac_cv_func_alloca_works=yes
ac_cv_func_dl_iterate_phdr=yes
ac_cv_func_dwfl_version=yes
ac_cv_func_gelf_getehdr=yes
ac_cv_func_malloc=yes
ac_cv_func_realloc=yes
ac_cv_func_strchr=yes
ac_cv_func_strdup=yes
ac_cv_func_strrchr=yes
ac_cv_func_strtod=yes
ac_cv_func_strtol=yes
ac_cv_func_strtoul=yes
ac_cv_header_dlfcn_h=yes
ac_cv_header_dwarf_h=yes
ac_cv_header_elfutils_libdwfl_h=yes
ac_cv_header_fcntl_h=yes
ac_cv_header_inttypes_h=yes
ac_cv_header_libelf_h=yes
ac_cv_header_limits_h=yes
ac_cv_header_link_h=yes
ac_cv_header_memory_h=yes
ac_cv_header_stdbool_h=yes
ac_cv_header_stdc=yes
ac_cv_header_stdint_h=yes
ac_cv_header_stdlib_h=yes
ac_cv_header_string_h=yes
ac_cv_header_strings_h=yes
ac_cv_header_sys_param_h=yes
ac_cv_header_sys_stat_h=yes
ac_cv_header_sys_time_h=yes
ac_cv_header_sys_types_h=yes
ac_cv_header_unistd_h=yes
ac_cv_host=x86_64-unknown-linux-gnu
ac_cv_lib_dw_dwfl_version=yes
ac_cv_lib_elf_gelf_getehdr=yes
ac_cv_member_struct_builtin_name=yes
ac_cv_objext=o
ac_cv_path_BASH_ABS_PATH=/bin/bash
ac_cv_path_EGREP='/bin/grep -E'
ac_cv_path_FGREP='/bin/grep -F'
ac_cv_path_GREP=/bin/grep
ac_cv_path_SED=/bin/sed
ac_cv_path_ac_pt_PKG_CONFIG=/usr/bin/pkg-config
ac_cv_path_install='/usr/bin/install -c'
ac_cv_path_mkdir=/bin/mkdir
ac_cv_prog_AWK=gawk
ac_cv_prog_CPP='gcc -E'
ac_cv_prog_ac_ct_AR=ar
ac_cv_prog_ac_ct_CC=gcc
ac_cv_prog_ac_ct_MANIFEST_TOOL=mt
ac_cv_prog_ac_ct_OBJDUMP=objdump
ac_cv_prog_ac_ct_RANLIB=ranlib
ac_cv_prog_ac_ct_STRIP=strip
ac_cv_prog_cc_c89=
ac_cv_prog_cc_g=yes
ac_cv_prog_make_make_set=yes
ac_cv_search_dlopen=-ldl
ac_cv_type__Bool=yes
ac_cv_type_size_t=yes
ac_cv_working_alloca_h=yes
am_cv_CC_dependencies_compiler_type=gcc3
am_cv_make_support_nested_variables=yes
libltdl_cv_shlibext=.so
libltdl_cv_shrext=.so
lt_cv_ar_at_file=@
lt_cv_archive_cmds_need_lc=no
lt_cv_deplibs_check_method=pass_all
lt_cv_file_magic_cmd='$MAGIC_CMD'
lt_cv_file_magic_test_file=
lt_cv_ld_reload_flag=-r
lt_cv_nm_interface='BSD nm'
lt_cv_objdir=.libs
lt_cv_path_LD=/usr/bin/ld
lt_cv_path_NM='/usr/bin/nm -B'
lt_cv_path_mainfest_tool=no
lt_cv_prog_compiler_c_o=yes
lt_cv_prog_compiler_pic='-fPIC -DPIC'
lt_cv_prog_compiler_pic_works=yes
lt_cv_prog_compiler_rtti_exceptions=no
lt_cv_prog_compiler_static_works=yes
lt_cv_prog_gnu_ld=yes
lt_cv_sharedlib_from_linklib_cmd='printf %s\n'
lt_cv_shlibpath_overrides_runpath=no
lt_cv_sys_dlsearch_path='/lib64 /usr/lib64 /lib /usr/lib /usr/lib/x86_64-linux-gnu/libfakeroot /usr/local/lib /lib/x86_64-linux-gnu /usr/lib/x86_64-linux-gnu /usr/lib/nvidia-361 /usr/lib32/nvidia-361 /usr/lib/nvidia-361 /usr/lib32/nvidia-361 /lib32 /usr/lib32 '
lt_cv_sys_global_symbol_pipe='sed -n -e '\''s/^.*[	 ]\([ABCDGIRSTW][ABCDGIRSTW]*\)[	 ][	 ]*\([_A-Za-z][_A-Za-z0-9]*\)$/\1 \2 \2/p'\'' | sed '\''/ __gnu_lto/d'\'''
lt_cv_sys_global_symbol_to_c_name_address='sed -n -e '\''s/^: \([^ ]*\)[ ]*$/  {\"\1\", (void *) 0},/p'\'' -e '\''s/^[ABCDGIRSTW]* \([^ ]*\) \([^ ]*\)$/  {"\2", (void *) \&\2},/p'\'''
lt_cv_sys_global_symbol_to_c_name_address_lib_prefix='sed -n -e '\''s/^: \([^ ]*\)[ ]*$/  {\"\1\", (void *) 0},/p'\'' -e '\''s/^[ABCDGIRSTW]* \([^ ]*\) \(lib[^ ]*\)$/  {"\2", (void *) \&\2},/p'\'' -e '\''s/^[ABCDGIRSTW]* \([^ ]*\) \([^ ]*\)$/  {"lib\2", (void *) \&\2},/p'\'''
lt_cv_sys_global_symbol_to_cdecl='sed -n -e '\''s/^T .* \(.*\)$/extern int \1();/p'\'' -e '\''s/^[ABCDGIRSTW]* .* \(.*\)$/extern char \1;/p'\'''
lt_cv_sys_max_cmd_len=1572864
lt_cv_to_host_file_cmd=func_convert_file_noop
lt_cv_to_tool_file_cmd=func_convert_file_noop
pkg_cv_FFI_CFLAGS=
pkg_cv_FFI_LIBS=-lffi
pkg_cv_ZLIB_CFLAGS=
pkg_cv_ZLIB_LIBS=-lz

## ----------------- ##
## Output variables. ##
## ----------------- ##

ACLOCAL='${SHELL} /home/g/code/lash/project/lib/ext/ctypes.sh/build-aux/missing aclocal-1.13'
ALLOCA=''
AMDEPBACKSLASH='\'
AMDEP_FALSE='#'
AMDEP_TRUE=''
AMTAR='$${TAR-tar}'
AM_BACKSLASH='\'
AM_DEFAULT_V='$(AM_DEFAULT_VERBOSITY)'
AM_DEFAULT_VERBOSITY='1'
AM_V='$(V)'
AR='ar'
AUTOCONF='${SHELL} /home/g/code/lash/project/lib/ext/ctypes.sh/build-aux/missing autoconf'
AUTOHEADER='${SHELL} /home/g/code/lash/project/lib/ext/ctypes.sh/build-aux/missing autoheader'
AUTOMAKE='${SHELL} /home/g/code/lash/project/lib/ext/ctypes.sh/build-aux/missing automake-1.13'
AWK='gawk'
BASH_ABS_PATH='/bin/bash'
CC='gcc'
CCDEPMODE='depmode=gcc3'
CFLAGS='-g -O2'
CPP='gcc -E'
CPPFLAGS=''
CYGPATH_W='echo'
DEFS='-DHAVE_CONFIG_H'
DEPDIR='.deps'
DLLTOOL='false'
DSYMUTIL=''
DUMPBIN=''
ECHO_C=''
ECHO_N='-n'
ECHO_T=''
EGREP='/bin/grep -E'
ENABLE_STRUCTS_FALSE='#'
ENABLE_STRUCTS_TRUE=''
EXEEXT=''
FFI_CFLAGS=''
FFI_LIBS='-lffi'
FGREP='/bin/grep -F'
GREP='/bin/grep'
INSTALL_DATA='${INSTALL} -m 644'
INSTALL_PROGRAM='${INSTALL}'
INSTALL_SCRIPT='${INSTALL}'
INSTALL_STRIP_PROGRAM='$(install_sh) -c -s'
LD='/usr/bin/ld -m elf_x86_64'
LDFLAGS=''
LIBOBJS=''
LIBS='-ldw -lelf -ldl '
LIBTOOL='$(SHELL) $(top_builddir)/libtool'
LIPO=''
LN_S='ln -s'
LTLIBOBJS=''
MAKEINFO='${SHELL} /home/g/code/lash/project/lib/ext/ctypes.sh/build-aux/missing makeinfo'
MANIFEST_TOOL=':'
MKDIR_P='/bin/mkdir -p'
NM='/usr/bin/nm -B'
NMEDIT=''
OBJDUMP='objdump'
OBJEXT='o'
OTOOL64=''
OTOOL=''
PACKAGE='ctypes-sh'
PACKAGE_BUGREPORT='ctypesdotsh@googlegroups.com'
PACKAGE_NAME='ctypes.sh'
PACKAGE_STRING='ctypes.sh 1.1'
PACKAGE_TARNAME='ctypes-sh'
PACKAGE_URL=''
PACKAGE_VERSION='1.1'
PATH_SEPARATOR=':'
PKG_CONFIG='/usr/bin/pkg-config'
PKG_CONFIG_LIBDIR=''
PKG_CONFIG_PATH=''
RANLIB='ranlib'
SED='/bin/sed'
SET_MAKE=''
SHELL='/bin/bash'
STRIP='strip'
VERSION='1.1'
ZLIB_CFLAGS=''
ZLIB_LIBS='-lz'
ac_ct_AR='ar'
ac_ct_CC='gcc'
ac_ct_DUMPBIN=''
am__EXEEXT_FALSE=''
am__EXEEXT_TRUE='#'
am__fastdepCC_FALSE='#'
am__fastdepCC_TRUE=''
am__include='include'
am__isrc=''
am__leading_dot='.'
am__nodep='_no'
am__quote=''
am__tar='$${TAR-tar} chof - "$$tardir"'
am__untar='$${TAR-tar} xf -'
bindir='${exec_prefix}/bin'
build='x86_64-unknown-linux-gnu'
build_alias=''
build_cpu='x86_64'
build_os='linux-gnu'
build_vendor='unknown'
datadir='${datarootdir}'
datarootdir='${prefix}/share'
docdir='${datarootdir}/doc/${PACKAGE_TARNAME}'
dvidir='${docdir}'
exec_prefix='${prefix}'
host='x86_64-unknown-linux-gnu'
host_alias=''
host_cpu='x86_64'
host_os='linux-gnu'
host_vendor='unknown'
htmldir='${docdir}'
includedir='${prefix}/include'
infodir='${datarootdir}/info'
install_sh='${SHELL} /home/g/code/lash/project/lib/ext/ctypes.sh/build-aux/install-sh'
libdir='${exec_prefix}/lib'
libexecdir='${exec_prefix}/libexec'
localedir='${datarootdir}/locale'
localstatedir='${prefix}/var'
mandir='${datarootdir}/man'
mkdir_p='$(MKDIR_P)'
oldincludedir='/usr/include'
pdfdir='${docdir}'
prefix='/usr/local'
program_transform_name='s,x,x,'
psdir='${docdir}'
sbindir='${exec_prefix}/sbin'
sharedstatedir='${prefix}/com'
sizeof='sizeof'
soext='.so'
struct='struct'
sysconfdir='${prefix}/etc'
target_alias=''

## ----------- ##
## confdefs.h. ##
## ----------- ##

/* confdefs.h */
#define PACKAGE_NAME "ctypes.sh"
#define PACKAGE_TARNAME "ctypes-sh"
#define PACKAGE_VERSION "1.1"
#define PACKAGE_STRING "ctypes.sh 1.1"
#define PACKAGE_BUGREPORT "ctypesdotsh@googlegroups.com"
#define PACKAGE_URL ""
#define PACKAGE "ctypes-sh"
#define VERSION "1.1"
#define STDC_HEADERS 1
#define HAVE_SYS_TYPES_H 1
#define HAVE_SYS_STAT_H 1
#define HAVE_STDLIB_H 1
#define HAVE_STRING_H 1
#define HAVE_MEMORY_H 1
#define HAVE_STRINGS_H 1
#define HAVE_INTTYPES_H 1
#define HAVE_STDINT_H 1
#define HAVE_UNISTD_H 1
#define HAVE_DLFCN_H 1
#define LT_OBJDIR ".libs/"
#define HAVE_LIBELF 1
#define HAVE_LIBDW 1
#define HAVE_DLFCN_H 1
#define HAVE_FCNTL_H 1
#define HAVE_INTTYPES_H 1
#define HAVE_LIMITS_H 1
#define HAVE_MEMORY_H 1
#define HAVE_STDINT_H 1
#define HAVE_STDLIB_H 1
#define HAVE_STRING_H 1
#define HAVE_STRINGS_H 1
#define HAVE_SYS_PARAM_H 1
#define HAVE_SYS_TIME_H 1
#define HAVE_UNISTD_H 1
#define HAVE_DWARF_H 1
#define HAVE_LIBELF_H 1
#define HAVE_LINK_H 1
#define HAVE_ELFUTILS_LIBDWFL_H 1
#define HAVE_STRCHR 1
#define HAVE_STRDUP 1
#define HAVE_STRRCHR 1
#define HAVE_STRTOL 1
#define HAVE_STRTOUL 1
#define HAVE_MALLOC 1
#define HAVE_REALLOC 1
#define HAVE_STRTOD 1
#define HAVE_GELF_GETEHDR 1
#define HAVE_DWFL_VERSION 1
#define HAVE_DL_ITERATE_PHDR 1
#define HAVE__BOOL 1
#define HAVE_ALLOCA_H 1
#define HAVE_ALLOCA 1
#define LT_DLSEARCH_PATH "/lib64:/usr/lib64:/lib:/usr/lib:/usr/lib/x86_64-linux-gnu/libfakeroot:/usr/local/lib:/lib/x86_64-linux-gnu:/usr/lib/x86_64-linux-gnu:/usr/lib/nvidia-361:/usr/lib32/nvidia-361:/usr/lib/nvidia-361:/usr/lib32/nvidia-361:/lib32:/usr/lib32"
#define LT_MODULE_EXT ".so"

configure: exit 0
